2020-09-05 12:02:05,916 INFO o.s.b.StartupInfoLogger [main] Starting StudentApplication on NBPC03RCLR with PID 24072 (D:\DataStructuresSTS4\student\target\classes started by bpr in D:\DataStructuresSTS4\student)
2020-09-05 12:02:05,932 DEBUG o.s.b.StartupInfoLogger [main] Running with Spring Boot v2.3.3.RELEASE, Spring v5.2.8.RELEASE
2020-09-05 12:02:05,939 INFO o.s.b.SpringApplication [main] No active profile set, falling back to default profiles: default
2020-09-05 12:02:06,905 INFO o.s.d.r.c.RepositoryConfigurationDelegate [main] Bootstrapping Spring Data JPA repositories in DEFERRED mode.
2020-09-05 12:02:07,008 INFO o.s.d.r.c.RepositoryConfigurationDelegate [main] Finished Spring Data repository scanning in 93ms. Found 3 JPA repository interfaces.
2020-09-05 12:02:07,729 INFO o.s.b.w.e.t.TomcatWebServer [main] Tomcat initialized with port(s): 8080 (http)
2020-09-05 12:02:07,745 INFO o.a.j.l.DirectJDKLog [main] Initializing ProtocolHandler ["http-nio-8080"]
2020-09-05 12:02:07,746 INFO o.a.j.l.DirectJDKLog [main] Starting service [Tomcat]
2020-09-05 12:02:07,747 INFO o.a.j.l.DirectJDKLog [main] Starting Servlet engine: [Apache Tomcat/9.0.37]
2020-09-05 12:02:07,953 INFO o.a.j.l.DirectJDKLog [main] Initializing Spring embedded WebApplicationContext
2020-09-05 12:02:07,954 INFO o.s.b.w.s.c.ServletWebServerApplicationContext [main] Root WebApplicationContext: initialization completed in 1895 ms
2020-09-05 12:02:08,212 INFO o.s.s.c.ExecutorConfigurationSupport [main] Initializing ExecutorService 'applicationTaskExecutor'
2020-09-05 12:02:08,300 INFO o.h.j.i.u.LogHelper [task-1] HHH000204: Processing PersistenceUnitInfo [name: default]
2020-09-05 12:02:08,364 WARN o.s.b.a.o.j.JpaBaseConfiguration$JpaWebConfiguration [main] spring.jpa.open-in-view is enabled by default. Therefore, database queries may be performed during view rendering. Explicitly configure spring.jpa.open-in-view to disable this warning
2020-09-05 12:02:08,408 INFO o.h.Version [task-1] HHH000412: Hibernate ORM core version 5.4.20.Final
2020-09-05 12:02:08,646 INFO o.h.a.c.r.j.JavaReflectionManager [task-1] HCANN000001: Hibernate Commons Annotations {5.1.0.Final}
2020-09-05 12:02:08,818 INFO c.z.h.HikariDataSource [task-1] HikariPool-1 - Starting...
2020-09-05 12:02:08,917 INFO o.a.j.l.DirectJDKLog [main] Starting ProtocolHandler ["http-nio-8080"]
2020-09-05 12:02:08,968 INFO o.s.b.w.e.t.TomcatWebServer [main] Tomcat started on port(s): 8080 (http) with context path ''
2020-09-05 12:02:08,971 INFO o.s.d.r.c.DeferredRepositoryInitializationListener [main] Triggering deferred initialization of Spring Data repositories…
2020-09-05 12:02:09,518 INFO c.z.h.HikariDataSource [task-1] HikariPool-1 - Start completed.
2020-09-05 12:02:09,538 INFO o.h.d.Dialect [task-1] HHH000400: Using dialect: org.hibernate.dialect.MySQL5Dialect
2020-09-05 12:02:10,821 INFO o.h.e.t.j.p.i.JtaPlatformInitiator [task-1] HHH000490: Using JtaPlatform implementation: [org.hibernate.engine.transaction.jta.platform.internal.NoJtaPlatform]
2020-09-05 12:02:10,831 INFO o.s.o.j.AbstractEntityManagerFactoryBean [task-1] Initialized JPA EntityManagerFactory for persistence unit 'default'
2020-09-05 12:02:11,301 INFO o.s.d.r.c.DeferredRepositoryInitializationListener [main] Spring Data repositories initialized!
2020-09-05 12:02:11,312 INFO o.s.b.StartupInfoLogger [main] Started StudentApplication in 6.07 seconds (JVM running for 7.898)
2020-09-05 12:02:58,121 INFO o.a.j.l.DirectJDKLog [http-nio-8080-exec-2] Initializing Spring DispatcherServlet 'dispatcherServlet'
2020-09-05 12:02:58,122 INFO o.s.w.s.FrameworkServlet [http-nio-8080-exec-2] Initializing Servlet 'dispatcherServlet'
2020-09-05 12:02:58,140 INFO o.s.w.s.FrameworkServlet [http-nio-8080-exec-2] Completed initialization in 18 ms
2020-09-05 12:02:58,187 INFO c.a.s.c.StudentController [http-nio-8080-exec-2] Retrieving Student information
2020-09-05 12:03:28,068 INFO o.s.b.a.SpringApplicationAdminMXBeanRegistrar$SpringApplicationAdmin [RMI TCP Connection(4)-127.0.0.1] Application shutdown requested.
2020-09-05 12:03:28,571 INFO o.s.o.j.AbstractEntityManagerFactoryBean [RMI TCP Connection(4)-127.0.0.1] Closing JPA EntityManagerFactory for persistence unit 'default'
2020-09-05 12:03:28,575 INFO o.s.s.c.ExecutorConfigurationSupport [RMI TCP Connection(4)-127.0.0.1] Shutting down ExecutorService 'applicationTaskExecutor'
2020-09-05 12:03:28,576 INFO c.z.h.HikariDataSource [RMI TCP Connection(4)-127.0.0.1] HikariPool-1 - Shutdown initiated...
2020-09-05 12:03:28,610 INFO c.z.h.HikariDataSource [RMI TCP Connection(4)-127.0.0.1] HikariPool-1 - Shutdown completed.
